{
  "stats": {
    "suites": 22,
    "tests": 41,
    "passes": 41,
    "pending": 0,
    "failures": 0,
    "testsRegistered": 41,
    "passPercent": 100,
    "pendingPercent": 0,
    "other": 0,
    "hasOther": false,
    "skipped": 0,
    "hasSkipped": false,
    "start": "2024-03-15T04:43:22.612Z",
    "end": "2024-03-15T04:46:14.118Z",
    "duration": 171506
  },
  "results": [
    {
      "uuid": "486beb5b-40d1-4ce7-b795-73aacbbe39b8",
      "title": "",
      "fullFile": "cypress\\e2e\\automation-test-store\\alias-invoke.js",
      "file": "cypress\\e2e\\automation-test-store\\alias-invoke.js",
      "beforeHooks": [],
      "afterHooks": [],
      "tests": [],
      "suites": [
        {
          "uuid": "3dc0041f-6640-4be5-9f55-ffc7611a2945",
          "title": "Alias and invoke",
          "fullFile": "",
          "file": "",
          "beforeHooks": [],
          "afterHooks": [],
          "tests": [
            {
              "title": "Calculate total of normal and sale products",
              "fullTitle": "Alias and invoke Calculate total of normal and sale products",
              "timedOut": null,
              "duration": 3391,
              "state": "passed",
              "speed": "fast",
              "pass": true,
              "fail": false,
              "pending": false,
              "context": null,
              "code": "cy.visit(\"https://automationteststore.com/\");\ncy.get(\".thumbnail\").as(\"productThumbnail\");\n// cy.get('@productThumbnail').find('.oneprice').each(($el, index, $list) => {\n//   cy.get('@productThumbnail').find('.oneprice').each(($el, index, $list) => {\n//     cy.log($el.text())\n//   })\n// })\ncy.get(\"@productThumbnail\").find(\".oneprice\").invoke(\"text\").as(\"itemPrice\");\nlet itemsTotal = 0;\ncy.get('@itemPrice').then($linkText => {\n  let itemsPriceTotal = 0;\n  let itemPrice = $linkText.split('$');\n  for (let i = 0; i < itemPrice.length; i++) {\n    itemsPriceTotal += Number(itemPrice[i]);\n  }\n  itemsTotal += itemsPriceTotal;\n});\ncy.get(\"@productThumbnail\").find(\".pricenew\").invoke(\"text\").as(\"saleItemPrice\");\ncy.get('@saleItemPrice').then($linkText => {\n  let itemsPriceTotal = 0;\n  let saleItemPrice = $linkText.split('$');\n  for (let i = 0; i < saleItemPrice.length; i++) {\n    itemsPriceTotal += Number(saleItemPrice[i]);\n  }\n  itemsTotal += itemsPriceTotal;\n  cy.log('items total: ' + itemsTotal);\n}).then(() => {\n  expect(itemsTotal).to.equal(660.5);\n});",
              "err": {},
              "uuid": "bb6781cf-8325-4020-b3b1-f5bed95454f9",
              "parentUUID": "3dc0041f-6640-4be5-9f55-ffc7611a2945",
              "isHook": false,
              "skipped": false
            }
          ],
          "suites": [],
          "passes": [
            "bb6781cf-8325-4020-b3b1-f5bed95454f9"
          ],
          "failures": [],
          "pending": [],
          "skipped": [],
          "duration": 3391,
          "root": false,
          "rootEmpty": false,
          "_timeout": 2000
        }
      ],
      "passes": [],
      "failures": [],
      "pending": [],
      "skipped": [],
      "duration": 0,
      "root": true,
      "rootEmpty": true,
      "_timeout": 2000
    },
    {
      "uuid": "0e420758-d1b3-45e1-bf8e-dea5251bf663",
      "title": "",
      "fullFile": "cypress\\e2e\\automation-test-store\\contact-us.js",
      "file": "cypress\\e2e\\automation-test-store\\contact-us.js",
      "beforeHooks": [],
      "afterHooks": [],
      "tests": [],
      "suites": [
        {
          "uuid": "d8e17b60-da99-4d9a-9e6b-dbc9c76133e8",
          "title": "Ttest Contact us with automation test store",
          "fullFile": "",
          "file": "",
          "beforeHooks": [],
          "afterHooks": [],
          "tests": [
            {
              "title": "Should be able to submit a success submission by conact form",
              "fullTitle": "Ttest Contact us with automation test store Should be able to submit a success submission by conact form",
              "timedOut": null,
              "duration": 8116,
              "state": "passed",
              "speed": "medium",
              "pass": true,
              "fail": false,
              "pending": false,
              "context": null,
              "code": "cy.visit('https://www.automationteststore.com/');\ncy.get(\"a[href$='contact']\").click().then(function (item) {\n  cy.log(\"Selected the followind item. \" + item.text());\n});\ncy.get('@user').then(user => {\n  cy.get('#ContactUsFrm_first_name').type(user.first_name);\n  cy.get('#ContactUsFrm_email').type(user.email);\n});\ncy.get('#ContactUsFrm_email').should(\"have.attr\", \"name\", \"email\");\ncy.get('#ContactUsFrm_enquiry').type(\"Do you provide additional discount on bulk orders?\");\ncy.get(\"button[title='Submit']\").click();\ncy.get('.mb40 > :nth-child(3)').should('have.text', 'Your enquiry has been successfully sent to the store owner!');",
              "err": {},
              "uuid": "6f196e00-b2ff-478c-9968-59e0a3057b55",
              "parentUUID": "d8e17b60-da99-4d9a-9e6b-dbc9c76133e8",
              "isHook": false,
              "skipped": false
            }
          ],
          "suites": [],
          "passes": [
            "6f196e00-b2ff-478c-9968-59e0a3057b55"
          ],
          "failures": [],
          "pending": [],
          "skipped": [],
          "duration": 8116,
          "root": false,
          "rootEmpty": false,
          "_timeout": 2000
        }
      ],
      "passes": [],
      "failures": [],
      "pending": [],
      "skipped": [],
      "duration": 0,
      "root": true,
      "rootEmpty": true,
      "_timeout": 2000
    },
    {
      "uuid": "1fe5cf22-9201-49ce-9669-684747fc9847",
      "title": "",
      "fullFile": "cypress\\e2e\\automation-test-store\\inspect-item.js",
      "file": "cypress\\e2e\\automation-test-store\\inspect-item.js",
      "beforeHooks": [],
      "afterHooks": [],
      "tests": [],
      "suites": [
        {
          "uuid": "2b65044c-51e1-4ce3-ac34-b6572f41b891",
          "title": "Inspect Automation test store items using chain of commands",
          "fullFile": "",
          "file": "",
          "beforeHooks": [],
          "afterHooks": [],
          "tests": [
            {
              "title": "Click on the first item using item header ",
              "fullTitle": "Inspect Automation test store items using chain of commands Click on the first item using item header ",
              "timedOut": null,
              "duration": 5684,
              "state": "passed",
              "speed": "medium",
              "pass": true,
              "fail": false,
              "pending": false,
              "context": null,
              "code": "cy.visit('https://www.automationteststore.com/');\ncy.get('#block_frame_featured_1769 > .thumbnails > :nth-child(1) > .fixed_wrapper > .fixed > .prdocutname').click();",
              "err": {},
              "uuid": "4c34e1d0-cc65-4a57-9d93-029dafe79b3e",
              "parentUUID": "2b65044c-51e1-4ce3-ac34-b6572f41b891",
              "isHook": false,
              "skipped": false
            },
            {
              "title": "Click on the first item using item text ",
              "fullTitle": "Inspect Automation test store items using chain of commands Click on the first item using item text ",
              "timedOut": null,
              "duration": 5031,
              "state": "passed",
              "speed": "medium",
              "pass": true,
              "fail": false,
              "pending": false,
              "context": null,
              "code": "cy.visit('https://www.automationteststore.com/');\ncy.get('.prdocutname').contains('Skinsheen Bronzer Stick').click().then(function (itemHeaderText) {\n  console.log(\"Selected the followind item. \" + itemHeaderText.text());\n});",
              "err": {},
              "uuid": "1fff6d4d-8206-4eb7-93e8-1624f05cba4e",
              "parentUUID": "2b65044c-51e1-4ce3-ac34-b6572f41b891",
              "isHook": false,
              "skipped": false
            },
            {
              "title": "Click on the first item using item index ",
              "fullTitle": "Inspect Automation test store items using chain of commands Click on the first item using item index ",
              "timedOut": null,
              "duration": 6096,
              "state": "passed",
              "speed": "medium",
              "pass": true,
              "fail": false,
              "pending": false,
              "context": null,
              "code": "cy.visit('https://www.automationteststore.com/');\ncy.get('.fixed_wrapper').find('.prdocutname').eq(0).click();",
              "err": {},
              "uuid": "a6adbf3d-b62a-4ca8-8d9a-e1c7722dcb75",
              "parentUUID": "2b65044c-51e1-4ce3-ac34-b6572f41b891",
              "isHook": false,
              "skipped": false
            }
          ],
          "suites": [],
          "passes": [
            "4c34e1d0-cc65-4a57-9d93-029dafe79b3e",
            "1fff6d4d-8206-4eb7-93e8-1624f05cba4e",
            "a6adbf3d-b62a-4ca8-8d9a-e1c7722dcb75"
          ],
          "failures": [],
          "pending": [],
          "skipped": [],
          "duration": 16811,
          "root": false,
          "rootEmpty": false,
          "_timeout": 2000
        }
      ],
      "passes": [],
      "failures": [],
      "pending": [],
      "skipped": [],
      "duration": 0,
      "root": true,
      "rootEmpty": true,
      "_timeout": 2000
    },
    {
      "uuid": "15bdb1cc-a66d-41d1-8b20-0756c27092e6",
      "title": "",
      "fullFile": "cypress\\e2e\\automation-test-store\\iterate-over-elements.js",
      "file": "cypress\\e2e\\automation-test-store\\iterate-over-elements.js",
      "beforeHooks": [],
      "afterHooks": [],
      "tests": [],
      "suites": [
        {
          "uuid": "229b8e09-b3f5-4211-ae73-bb23d5ce5b09",
          "title": "Iterate over elements",
          "fullFile": "",
          "file": "",
          "beforeHooks": [],
          "afterHooks": [],
          "tests": [
            {
              "title": "Log information of all hair care products",
              "fullTitle": "Iterate over elements Log information of all hair care products",
              "timedOut": null,
              "duration": 3878,
              "state": "passed",
              "speed": "fast",
              "pass": true,
              "fail": false,
              "pending": false,
              "context": null,
              "code": "cy.visit(\"https://automationteststore.com/\");\ncy.get(\"a[href*='product/category&path=']\").contains(\"Hair Care\").click();\ncy.get('.fixed_wrapper .prdocutname').each(($el, index, $list) => {\n  cy.log(\"Index: \" + index + \" : \" + $el.text());\n});",
              "err": {},
              "uuid": "4a5e0e95-2113-4d3a-a9c8-dc1511f87e81",
              "parentUUID": "229b8e09-b3f5-4211-ae73-bb23d5ce5b09",
              "isHook": false,
              "skipped": false
            },
            {
              "title": "Add specific product to basket",
              "fullTitle": "Iterate over elements Add specific product to basket",
              "timedOut": null,
              "duration": 1996,
              "state": "passed",
              "speed": "fast",
              "pass": true,
              "fail": false,
              "pending": false,
              "context": null,
              "code": "cy.visit(\"https://automationteststore.com/\");\ncy.get(\"a[href*='product/category&path=']\").contains(\"Hair Care\").click();\n// custom command\ncy.selectProduct('Curls to straight Shampoo');\n// cy.get('.fixed_wrapper .prdocutname').each(($el, index, $list) => {\n//   if ($el.text().includes('Curls to straight Shampoo')) {\n//     cy.wrap($el).click()\n//   }\n// })",
              "err": {},
              "uuid": "0acb9b45-310b-4e38-b017-51a3f14ec905",
              "parentUUID": "229b8e09-b3f5-4211-ae73-bb23d5ce5b09",
              "isHook": false,
              "skipped": false
            },
            {
              "title": "Add another specific product to basket",
              "fullTitle": "Iterate over elements Add another specific product to basket",
              "timedOut": null,
              "duration": 1871,
              "state": "passed",
              "speed": "fast",
              "pass": true,
              "fail": false,
              "pending": false,
              "context": null,
              "code": "cy.visit(\"https://automationteststore.com/\");\ncy.get(\"a[href*='product/category&path=']\").contains(\"Hair Care\").click();\n// custom command\ncy.selectProduct('Seaweed Conditioner');",
              "err": {},
              "uuid": "616c252f-3267-4863-a512-1083e7371055",
              "parentUUID": "229b8e09-b3f5-4211-ae73-bb23d5ce5b09",
              "isHook": false,
              "skipped": false
            },
            {
              "title": "Add again another specific product to basket",
              "fullTitle": "Iterate over elements Add again another specific product to basket",
              "timedOut": null,
              "duration": 3344,
              "state": "passed",
              "speed": "fast",
              "pass": true,
              "fail": false,
              "pending": false,
              "context": null,
              "code": "cy.visit(\"https://automationteststore.com/\");\ncy.get(\"a[href*='product/category&path=']\").contains(\"Hair Care\").click();\n// custom command\ncy.selectProduct('Eau Parfumee au The Vert Shampoo');",
              "err": {},
              "uuid": "80bb75ef-8833-4187-95a8-1d0bbd6046bf",
              "parentUUID": "229b8e09-b3f5-4211-ae73-bb23d5ce5b09",
              "isHook": false,
              "skipped": false
            }
          ],
          "suites": [],
          "passes": [
            "4a5e0e95-2113-4d3a-a9c8-dc1511f87e81",
            "0acb9b45-310b-4e38-b017-51a3f14ec905",
            "616c252f-3267-4863-a512-1083e7371055",
            "80bb75ef-8833-4187-95a8-1d0bbd6046bf"
          ],
          "failures": [],
          "pending": [],
          "skipped": [],
          "duration": 11089,
          "root": false,
          "rootEmpty": false,
          "_timeout": 2000
        }
      ],
      "passes": [],
      "failures": [],
      "pending": [],
      "skipped": [],
      "duration": 0,
      "root": true,
      "rootEmpty": true,
      "_timeout": 2000
    },
    {
      "uuid": "25eb7624-c161-461c-af7c-74dae129106e",
      "title": "",
      "fullFile": "cypress\\e2e\\automation-test-store\\variables-and-cy-commands.js",
      "file": "cypress\\e2e\\automation-test-store\\variables-and-cy-commands.js",
      "beforeHooks": [],
      "afterHooks": [],
      "tests": [],
      "suites": [
        {
          "uuid": "0dc09cf7-92e1-406b-9730-7b239faca00b",
          "title": "Verifying variables, cypress commands and jquery commands",
          "fullFile": "",
          "file": "",
          "beforeHooks": [],
          "afterHooks": [],
          "tests": [
            {
              "title": "Validate properties of the Contact Us Page",
              "fullTitle": "Verifying variables, cypress commands and jquery commands Validate properties of the Contact Us Page",
              "timedOut": null,
              "duration": 2461,
              "state": "passed",
              "speed": "fast",
              "pass": true,
              "fail": false,
              "pending": false,
              "context": null,
              "code": "cy.visit(\"https://automationteststore.com/index.php?rt=content/contact\");\n//Uses cypress commands and chaining\ncy.contains('#ContactUsFrm', 'Contact Us Form').find('#field_11').should('contain', 'First name');\n//JQuery Approach\ncy.contains('#ContactUsFrm', 'Contact Us Form').then(text => {\n  const firstNameText = text.find('#field_11').text();\n  expect(firstNameText).to.contain('First name');\n  //Embedded commands (Closure)\n  cy.get('#field_11').then(fnText => {\n    cy.log(fnText.text());\n    cy.log(fnText);\n  });\n});",
              "err": {},
              "uuid": "e8c31ff3-4d1b-4b78-8d70-a00ff0529545",
              "parentUUID": "0dc09cf7-92e1-406b-9730-7b239faca00b",
              "isHook": false,
              "skipped": false
            }
          ],
          "suites": [],
          "passes": [
            "e8c31ff3-4d1b-4b78-8d70-a00ff0529545"
          ],
          "failures": [],
          "pending": [],
          "skipped": [],
          "duration": 2461,
          "root": false,
          "rootEmpty": false,
          "_timeout": 2000
        }
      ],
      "passes": [],
      "failures": [],
      "pending": [],
      "skipped": [],
      "duration": 0,
      "root": true,
      "rootEmpty": true,
      "_timeout": 2000
    },
    {
      "uuid": "0007884e-d557-4923-8350-ec36890d5e96",
      "title": "",
      "fullFile": "cypress\\e2e\\webdriver-uni\\autocomplete-dropdown-list.js",
      "file": "cypress\\e2e\\webdriver-uni\\autocomplete-dropdown-list.js",
      "beforeHooks": [],
      "afterHooks": [],
      "tests": [],
      "suites": [
        {
          "uuid": "bfc0771a-7a8f-459f-89ff-47d9b8ee5d58",
          "title": "Verify Autocomplete dropwdown lists via webdriveruni",
          "fullFile": "",
          "file": "",
          "beforeHooks": [],
          "afterHooks": [],
          "tests": [
            {
              "title": "Select specific product via autocomplete list",
              "fullTitle": "Verify Autocomplete dropwdown lists via webdriveruni Select specific product via autocomplete list",
              "timedOut": null,
              "duration": 3613,
              "state": "passed",
              "speed": "fast",
              "pass": true,
              "fail": false,
              "pending": false,
              "context": null,
              "code": "cy.visit(\"https://www.webdriveruniversity.com\");\ncy.get('#autocomplete-textfield').invoke('removeAttr', 'target').click({\n  force: true\n});\ncy.get('#myInput').type('A');\ncy.get('#myInputautocomplete-list > *').each(($el, index, $list) => {\n  const prod = $el.text();\n  const productToSelect = 'Avacado';\n  if (prod === productToSelect) {\n    $el.trigger('click');\n    cy.get('#submit-button').click();\n    cy.url().should('include', productToSelect);\n  }\n}).then(() => {\n  cy.get('#myInput').type('G');\n  cy.get('#myInputautocomplete-list > *').each(($el, index, $list) => {\n    const prod = $el.text();\n    const productToSelect = 'Grapes';\n    if (prod === productToSelect) {\n      $el.trigger('click');\n      cy.get('#submit-button').click();\n      cy.url().should('include', productToSelect);\n    }\n  });\n});",
              "err": {},
              "uuid": "a0086af8-5a2c-46b4-af3b-e05f6fa3a7b1",
              "parentUUID": "bfc0771a-7a8f-459f-89ff-47d9b8ee5d58",
              "isHook": false,
              "skipped": false
            }
          ],
          "suites": [],
          "passes": [
            "a0086af8-5a2c-46b4-af3b-e05f6fa3a7b1"
          ],
          "failures": [],
          "pending": [],
          "skipped": [],
          "duration": 3613,
          "root": false,
          "rootEmpty": false,
          "_timeout": 2000
        }
      ],
      "passes": [],
      "failures": [],
      "pending": [],
      "skipped": [],
      "duration": 0,
      "root": true,
      "rootEmpty": true,
      "_timeout": 2000
    },
    {
      "uuid": "00619732-f4f0-4a88-8010-1d789b4c5911",
      "title": "",
      "fullFile": "cypress\\e2e\\webdriver-uni\\browser-navigation.js",
      "file": "cypress\\e2e\\webdriver-uni\\browser-navigation.js",
      "beforeHooks": [],
      "afterHooks": [],
      "tests": [],
      "suites": [
        {
          "uuid": "b3f0c8de-d3ef-4356-8280-fd956dbabea7",
          "title": "Validate webdriveruni homepage links",
          "fullFile": "",
          "file": "",
          "beforeHooks": [],
          "afterHooks": [],
          "tests": [
            {
              "title": "Confirm links redirect to the corect pages",
              "fullTitle": "Validate webdriveruni homepage links Confirm links redirect to the corect pages",
              "timedOut": null,
              "duration": 3728,
              "state": "passed",
              "speed": "fast",
              "pass": true,
              "fail": false,
              "pending": false,
              "context": null,
              "code": "cy.visit('https://www.webdriveruniversity.com');\ncy.get('#contact-us').invoke('removeAttr', 'target').click({\n  force: true\n});\ncy.url().should('include', 'contactus');\n// performs browser actions (back/forward etc.)\ncy.go('back');\ncy.reload();\ncy.go('forward');\ncy.url().should('include', 'contactus');\ncy.go('back');\ncy.get('#login-portal').invoke('removeAttr', 'target').click({\n  force: true\n});\ncy.url().should('include', 'Login-Portal');\ncy.go('back');",
              "err": {},
              "uuid": "f3564356-0a9a-4722-8228-087640ab0309",
              "parentUUID": "b3f0c8de-d3ef-4356-8280-fd956dbabea7",
              "isHook": false,
              "skipped": false
            },
            {
              "title": "Check Todo List url and go back",
              "fullTitle": "Validate webdriveruni homepage links Check Todo List url and go back",
              "timedOut": null,
              "duration": 1538,
              "state": "passed",
              "speed": "fast",
              "pass": true,
              "fail": false,
              "pending": false,
              "context": null,
              "code": "cy.visit('https://www.webdriveruniversity.com');\ncy.get('#to-do-list').invoke('removeAttr', 'target').click({\n  force: true\n});\ncy.url().should('include', 'To-Do-List');\ncy.go('back');",
              "err": {},
              "uuid": "fe056483-8547-454f-b41e-e4c17e6f7a4d",
              "parentUUID": "b3f0c8de-d3ef-4356-8280-fd956dbabea7",
              "isHook": false,
              "skipped": false
            }
          ],
          "suites": [],
          "passes": [
            "f3564356-0a9a-4722-8228-087640ab0309",
            "fe056483-8547-454f-b41e-e4c17e6f7a4d"
          ],
          "failures": [],
          "pending": [],
          "skipped": [],
          "duration": 5266,
          "root": false,
          "rootEmpty": false,
          "_timeout": 2000
        }
      ],
      "passes": [],
      "failures": [],
      "pending": [],
      "skipped": [],
      "duration": 0,
      "root": true,
      "rootEmpty": true,
      "_timeout": 2000
    },
    {
      "uuid": "20c5f24f-5ed2-4d39-85f4-cfc0c67980a2",
      "title": "",
      "fullFile": "cypress\\e2e\\webdriver-uni\\checkboxes.js",
      "file": "cypress\\e2e\\webdriver-uni\\checkboxes.js",
      "beforeHooks": [],
      "afterHooks": [],
      "tests": [],
      "suites": [
        {
          "uuid": "38f8e4f5-e8c0-446f-862b-0653e3364a76",
          "title": "Verify checkboxes via webdriveruni",
          "fullFile": "",
          "file": "",
          "beforeHooks": [],
          "afterHooks": [],
          "tests": [
            {
              "title": "Check and validate checkbox",
              "fullTitle": "Verify checkboxes via webdriveruni Check and validate checkbox",
              "timedOut": null,
              "duration": 1339,
              "state": "passed",
              "speed": "fast",
              "pass": true,
              "fail": false,
              "pending": false,
              "context": null,
              "code": "cy.get('#checkboxes > :nth-child(1) > input').check();\ncy.get('#checkboxes > :nth-child(1) > input').check().should('be.checked');\ncy.get('#checkboxes > :nth-child(1) > input').as('option-1');\ncy.get('@option-1').check();\ncy.get('@option-1').check().should('be.checked');",
              "err": {},
              "uuid": "5fde3c5b-d459-4010-881b-d65c863f328e",
              "parentUUID": "38f8e4f5-e8c0-446f-862b-0653e3364a76",
              "isHook": false,
              "skipped": false
            },
            {
              "title": "Uncheck the checkbox and check it",
              "fullTitle": "Verify checkboxes via webdriveruni Uncheck the checkbox and check it",
              "timedOut": null,
              "duration": 497,
              "state": "passed",
              "speed": "fast",
              "pass": true,
              "fail": false,
              "pending": false,
              "context": null,
              "code": "cy.get('#checkboxes > :nth-child(5) > input').as('third-checkbox');\ncy.get('@third-checkbox').check().should('be.checked');\ncy.get('@third-checkbox').uncheck().should('not.be.checked');",
              "err": {},
              "uuid": "528f4d2c-fcc1-4195-bba8-f8d709b6c9a8",
              "parentUUID": "38f8e4f5-e8c0-446f-862b-0653e3364a76",
              "isHook": false,
              "skipped": false
            },
            {
              "title": "Check multiple checkbox",
              "fullTitle": "Verify checkboxes via webdriveruni Check multiple checkbox",
              "timedOut": null,
              "duration": 457,
              "state": "passed",
              "speed": "fast",
              "pass": true,
              "fail": false,
              "pending": false,
              "context": null,
              "code": "cy.get('input[type=\"checkbox\"]').check([\"option-1\", \"option-2\", \"option-3\", \"option-4\"]).should('be.checked');",
              "err": {},
              "uuid": "2254cbde-87fa-49dc-9c43-643f8b998f55",
              "parentUUID": "38f8e4f5-e8c0-446f-862b-0653e3364a76",
              "isHook": false,
              "skipped": false
            }
          ],
          "suites": [],
          "passes": [
            "5fde3c5b-d459-4010-881b-d65c863f328e",
            "528f4d2c-fcc1-4195-bba8-f8d709b6c9a8",
            "2254cbde-87fa-49dc-9c43-643f8b998f55"
          ],
          "failures": [],
          "pending": [],
          "skipped": [],
          "duration": 2293,
          "root": false,
          "rootEmpty": false,
          "_timeout": 2000
        }
      ],
      "passes": [],
      "failures": [],
      "pending": [],
      "skipped": [],
      "duration": 0,
      "root": true,
      "rootEmpty": true,
      "_timeout": 2000
    },
    {
      "uuid": "cbaa9d74-02ab-4b5e-8091-c776a92bfab8",
      "title": "",
      "fullFile": "cypress\\e2e\\webdriver-uni\\contact-us.js",
      "file": "cypress\\e2e\\webdriver-uni\\contact-us.js",
      "beforeHooks": [],
      "afterHooks": [],
      "tests": [],
      "suites": [
        {
          "uuid": "39fc2b68-3741-44ed-8bd0-7f14219c0967",
          "title": "test contact us form with webdriver uni",
          "fullFile": "",
          "file": "",
          "beforeHooks": [],
          "afterHooks": [],
          "tests": [
            {
              "title": "should be able to submit a successful submission via a contact us form",
              "fullTitle": "test contact us form with webdriver uni should be able to submit a successful submission via a contact us form",
              "timedOut": null,
              "duration": 3685,
              "state": "passed",
              "speed": "fast",
              "pass": true,
              "fail": false,
              "pending": false,
              "context": null,
              "code": "// cy.visit('https://www.webdriveruniversity.com/Contact-Us/contactus.html')\n// removes the blank attribute to open the new tab cause cypress doesn't support it. So should open in the same browser tab/instance\n// cy.visit(Cypress.env('webdriveruni_homepage'))\n// cy.navigateTo_webdriveruni_homepage();\n// cy.get('#contact-us').invoke('removeAttr', 'target').click({force: true});\ncy.document().should('have.property', 'charset').and('eq', 'UTF-8');\ncy.title().should('include', 'WebDriver | Contact Us');\ncy.url().should('include', '/Contact-Us/contactus.html');\ncontact_Us_PO.contactForm_Submission(Cypress.env('first_name'), data.last_name, data.email, 'Some comment', '#contact_reply > h1', 'Thank You for your Message!');\n// cy.webdriverUni_ContactForm_Submission(Cypress.env('first_name'), data.last_name, data.email, 'Some comment', '#contact_reply > h1', 'Thank You for your Message!')\n// cy.get('#contact_form [name=\"first_name\"]').type(data.firt_name)\n// cy.get('#contact_form [name=\"last_name\"]').type(data.last_name)\n// cy.get('#contact_form [name=\"email\"]').type(data.email)\n// cy.get('#contact_form textarea.feedback-input').type('Some comment')\n// cy.get('#contact_form [type=\"submit\"]').click()\ncy.url().should('be.equal', 'https://www.webdriveruniversity.com/Contact-Us/contact-form-thank-you.html');\n// cy.get('#contact_reply > h1').should('contain', 'Thank You for your Message!');\n// cy.get('#contact-us').click()",
              "err": {},
              "uuid": "bbd28899-49d7-41b6-a850-eceb601a9735",
              "parentUUID": "39fc2b68-3741-44ed-8bd0-7f14219c0967",
              "isHook": false,
              "skipped": false
            },
            {
              "title": "should not be able to submit a successful submission via a contact us form as all fields are required",
              "fullTitle": "test contact us form with webdriver uni should not be able to submit a successful submission via a contact us form as all fields are required",
              "timedOut": null,
              "duration": 2636,
              "state": "passed",
              "speed": "fast",
              "pass": true,
              "fail": false,
              "pending": false,
              "context": null,
              "code": "// cypress code\n// cy.visit( Cypress.env('webdriveruni_homepage') + '/Contact-Us/contactus.html') \n// cy.navigateTo_webdriveruni_homepage();\n// cy.get('[name=\"first_name\"]').type(data.firt_name)\n// cy.get('[name=\"last_name\"]').type(data.last_name)\n// cy.get('textarea.feedback-input').type('Some comment')\n// cy.get('[type=\"submit\"]').click()\n// cy.get('body').contains('Error: all fields are required')\n// cy.get('body').contains('Error: Invalid email address')\ncontact_Us_PO.contactForm_Submission(Cypress.env('first_name'), data.last_name, ' ', 'Some comment', 'body', 'Error: Invalid email address');\n// cy.webdriverUni_ContactForm_Submission(Cypress.env('first_name'), data.last_name, ' ', 'Some comment', 'body', 'Error: Invalid email address')",
              "err": {},
              "uuid": "2ce2be6f-2989-4351-a4fa-f519b591fd9d",
              "parentUUID": "39fc2b68-3741-44ed-8bd0-7f14219c0967",
              "isHook": false,
              "skipped": false
            }
          ],
          "suites": [],
          "passes": [
            "bbd28899-49d7-41b6-a850-eceb601a9735",
            "2ce2be6f-2989-4351-a4fa-f519b591fd9d"
          ],
          "failures": [],
          "pending": [],
          "skipped": [],
          "duration": 6321,
          "root": false,
          "rootEmpty": false,
          "_timeout": 2000
        }
      ],
      "passes": [],
      "failures": [],
      "pending": [],
      "skipped": [],
      "duration": 0,
      "root": true,
      "rootEmpty": true,
      "_timeout": 2000
    },
    {
      "uuid": "dbf5cac2-ffa6-4208-b44a-6b04930f53af",
      "title": "",
      "fullFile": "cypress\\e2e\\webdriver-uni\\data-tables.js",
      "file": "cypress\\e2e\\webdriver-uni\\data-tables.js",
      "beforeHooks": [],
      "afterHooks": [],
      "tests": [],
      "suites": [
        {
          "uuid": "49305de6-51c6-421e-907b-14ebfd75fc16",
          "title": "Handling data via webdriveruni",
          "fullFile": "",
          "file": "",
          "beforeHooks": [],
          "afterHooks": [],
          "tests": [
            {
              "title": "Calculate and assert the total age of all users",
              "fullTitle": "Handling data via webdriveruni Calculate and assert the total age of all users",
              "timedOut": null,
              "duration": 1984,
              "state": "passed",
              "speed": "fast",
              "pass": true,
              "fail": false,
              "pending": false,
              "context": null,
              "code": "let userDetails = [];\nlet numb = 0;\ncy.get('#thumbnail-1 td').each(($el, index, $list) => {\n  userDetails[index] = $el.text();\n}).then(() => {\n  let i;\n  for (i = 0; i < userDetails.length; i++) {\n    if (Number(userDetails[i])) {\n      numb += Number(userDetails[i]);\n      cy.log(userDetails[i]);\n    }\n  }\n  expect(numb).to.eq(322);\n});",
              "err": {},
              "uuid": "014cd97a-07e3-4b59-81e6-5c177f9c4f4f",
              "parentUUID": "49305de6-51c6-421e-907b-14ebfd75fc16",
              "isHook": false,
              "skipped": false
            },
            {
              "title": "Calculate and assert the age of a given user based on last name",
              "fullTitle": "Handling data via webdriveruni Calculate and assert the age of a given user based on last name",
              "timedOut": null,
              "duration": 841,
              "state": "passed",
              "speed": "fast",
              "pass": true,
              "fail": false,
              "pending": false,
              "context": null,
              "code": "cy.get('#thumbnail-1 tr td:nth-child(2) ').each(($el, index, $list) => {\n  const text = $el.text();\n  if (text.includes('Woods')) {\n    cy.get('#thumbnail-1 tr td:nth-child(2)').eq(index).next().then(function (age) {\n      const userAge = age.text();\n      expect(userAge).to.equal('80');\n    });\n  }\n});",
              "err": {},
              "uuid": "1f46c920-2c13-49e3-ade9-b541c870399a",
              "parentUUID": "49305de6-51c6-421e-907b-14ebfd75fc16",
              "isHook": false,
              "skipped": false
            }
          ],
          "suites": [],
          "passes": [
            "014cd97a-07e3-4b59-81e6-5c177f9c4f4f",
            "1f46c920-2c13-49e3-ade9-b541c870399a"
          ],
          "failures": [],
          "pending": [],
          "skipped": [],
          "duration": 2825,
          "root": false,
          "rootEmpty": false,
          "_timeout": 2000
        }
      ],
      "passes": [],
      "failures": [],
      "pending": [],
      "skipped": [],
      "duration": 0,
      "root": true,
      "rootEmpty": true,
      "_timeout": 2000
    },
    {
      "uuid": "d467c56b-d35f-4c61-b9ad-24c6064b8b26",
      "title": "",
      "fullFile": "cypress\\e2e\\webdriver-uni\\datepicker.js",
      "file": "cypress\\e2e\\webdriver-uni\\datepicker.js",
      "beforeHooks": [],
      "afterHooks": [],
      "tests": [],
      "suites": [
        {
          "uuid": "b9a0ec0b-c015-4ecc-80d8-d873d3363793",
          "title": "Test Datepicker via webdriveruni",
          "fullFile": "",
          "file": "",
          "beforeHooks": [],
          "afterHooks": [],
          "tests": [
            {
              "title": "Select date from the datepicker",
              "fullTitle": "Test Datepicker via webdriveruni Select date from the datepicker",
              "timedOut": null,
              "duration": 4019,
              "state": "passed",
              "speed": "fast",
              "pass": true,
              "fail": false,
              "pending": false,
              "context": null,
              "code": "cy.visit(\"https://www.webdriveruniversity.com\");\ncy.get('#datepicker').invoke('removeAttr', 'target').click({\n  force: true\n});\ncy.get('#datepicker').click();\n// let date = new Date();\n// date.setDate(date.getDate())\n// cy.log(date.getDate()) //get current day i.e. 22\n// let date2 = new Date();\n// date2.setDate(date.getDate() + 5)\n// cy.log(date2.getDate()) //get current day i.e. 22 + 5 = 27\nconst date = new Date();\ndate.setDate(date.getDate() + 400);\nvar futureYear = date.getFullYear();\nvar futureMonth = date.toLocaleString('en-US', {\n  month: \"long\"\n});\nvar futureDay = date.getDate();\ncy.log(\"Future year to select: \" + futureYear);\ncy.log(\"Future month to select: \" + futureMonth);\ncy.log(\"Future day to select: \" + futureDay);\nfunction selectMonthAndYear() {\n  cy.get('.datepicker-dropdown').find('.datepicker-switch').first().then($currentDate => {\n    // if datepicker does not contains the future year\n    if (!$currentDate.text().includes(futureYear)) {\n      // select the button next and click to move into the future month till we receive the required year to validate\n      cy.get('.next').first().click();\n      selectMonthAndYear();\n    }\n  }).then(() => {\n    cy.get('.datepicker-dropdown').find('.datepicker-switch').first().then($currentDate => {\n      // if datepicker does not contains the future month need to be validated\n      if (!$currentDate.text().includes(futureMonth)) {\n        // select the button next and click to move into the future month till we receive the requiredm month to validate\n        cy.get('.next').first().click();\n        selectMonthAndYear();\n      }\n    });\n  });\n}\nfunction selectFutureDay() {\n  cy.get('[class=\"day\"]').contains(futureDay).click();\n}\nselectMonthAndYear();\nselectFutureDay();",
              "err": {},
              "uuid": "f3b8f3c5-be2f-48ef-9bc3-39f8ff055b65",
              "parentUUID": "b9a0ec0b-c015-4ecc-80d8-d873d3363793",
              "isHook": false,
              "skipped": false
            }
          ],
          "suites": [],
          "passes": [
            "f3b8f3c5-be2f-48ef-9bc3-39f8ff055b65"
          ],
          "failures": [],
          "pending": [],
          "skipped": [],
          "duration": 4019,
          "root": false,
          "rootEmpty": false,
          "_timeout": 2000
        }
      ],
      "passes": [],
      "failures": [],
      "pending": [],
      "skipped": [],
      "duration": 0,
      "root": true,
      "rootEmpty": true,
      "_timeout": 2000
    },
    {
      "uuid": "63f215ac-fe54-48a6-8171-e1f23235c979",
      "title": "",
      "fullFile": "cypress\\e2e\\webdriver-uni\\file-upload.js",
      "file": "cypress\\e2e\\webdriver-uni\\file-upload.js",
      "beforeHooks": [],
      "afterHooks": [],
      "tests": [],
      "suites": [
        {
          "uuid": "783e29da-6219-402c-873c-32a2aa4b5626",
          "title": "Test File Upload via webdriveruni",
          "fullFile": "",
          "file": "",
          "beforeHooks": [],
          "afterHooks": [],
          "tests": [
            {
              "title": "Upload a file....",
              "fullTitle": "Test File Upload via webdriveruni Upload a file....",
              "timedOut": null,
              "duration": 2007,
              "state": "passed",
              "speed": "fast",
              "pass": true,
              "fail": false,
              "pending": false,
              "context": null,
              "code": "cy.visit(\"https://www.webdriveruniversity.com\");\ncy.get('#file-upload').invoke('removeAttr', 'target').click({\n  force: true\n});\ncy.get(\"#myFile\").selectFile(\"cypress/fixtures/laptop.png\");\ncy.get('#submit-button').click();",
              "err": {},
              "uuid": "3e40a9da-97bf-4cd0-8f56-c217f014a046",
              "parentUUID": "783e29da-6219-402c-873c-32a2aa4b5626",
              "isHook": false,
              "skipped": false
            },
            {
              "title": "Upload No file...",
              "fullTitle": "Test File Upload via webdriveruni Upload No file...",
              "timedOut": null,
              "duration": 1148,
              "state": "passed",
              "speed": "fast",
              "pass": true,
              "fail": false,
              "pending": false,
              "context": null,
              "code": "cy.visit(\"https://www.webdriveruniversity.com\");\ncy.get('#file-upload').invoke('removeAttr', 'target').click({\n  force: true\n});\ncy.get('#submit-button').click();",
              "err": {},
              "uuid": "58705e8a-b897-4c8c-b826-c8d058df9028",
              "parentUUID": "783e29da-6219-402c-873c-32a2aa4b5626",
              "isHook": false,
              "skipped": false
            }
          ],
          "suites": [],
          "passes": [
            "3e40a9da-97bf-4cd0-8f56-c217f014a046",
            "58705e8a-b897-4c8c-b826-c8d058df9028"
          ],
          "failures": [],
          "pending": [],
          "skipped": [],
          "duration": 3155,
          "root": false,
          "rootEmpty": false,
          "_timeout": 2000
        }
      ],
      "passes": [],
      "failures": [],
      "pending": [],
      "skipped": [],
      "duration": 0,
      "root": true,
      "rootEmpty": true,
      "_timeout": 2000
    },
    {
      "uuid": "fbdaf5c6-84c1-40c6-b458-4aff05f29811",
      "title": "",
      "fullFile": "cypress\\e2e\\webdriver-uni\\iframe.js",
      "file": "cypress\\e2e\\webdriver-uni\\iframe.js",
      "beforeHooks": [],
      "afterHooks": [],
      "tests": [],
      "suites": [
        {
          "uuid": "174fbe98-2311-4495-8007-665ec3c0e234",
          "title": "Handling Iframe and modals",
          "fullFile": "",
          "file": "",
          "beforeHooks": [],
          "afterHooks": [],
          "tests": [
            {
              "title": "Handle webdreiver uni Iframe and modal",
              "fullTitle": "Handling Iframe and modals Handle webdreiver uni Iframe and modal",
              "timedOut": null,
              "duration": 2299,
              "state": "passed",
              "speed": "fast",
              "pass": true,
              "fail": false,
              "pending": false,
              "context": null,
              "code": "cy.visit('https://www.webdriveruniversity.com');\ncy.get('#iframe').invoke('removeAttr', 'target').click({\n  force: true\n});\ncy.get('iframe').then($iframe => {\n  const body = $iframe.contents().find('body');\n  cy.wrap(body).as('iframe');\n});\ncy.get('@iframe').find('#button-find-out-more').click();\ncy.get('@iframe').find('#myModal').as('modal');\ncy.get('@modal').should($expectedText => {\n  const text = $expectedText.text();\n  expect(text).to.include('Welcome to webdriveruniversity.com we sell a wide range of electrical goods');\n});\ncy.get('@modal').contains('Close').click();",
              "err": {},
              "uuid": "bba9aee0-db0d-43df-87e1-3cabf97193c3",
              "parentUUID": "174fbe98-2311-4495-8007-665ec3c0e234",
              "isHook": false,
              "skipped": false
            }
          ],
          "suites": [],
          "passes": [
            "bba9aee0-db0d-43df-87e1-3cabf97193c3"
          ],
          "failures": [],
          "pending": [],
          "skipped": [],
          "duration": 2299,
          "root": false,
          "rootEmpty": false,
          "_timeout": 2000
        }
      ],
      "passes": [],
      "failures": [],
      "pending": [],
      "skipped": [],
      "duration": 0,
      "root": true,
      "rootEmpty": true,
      "_timeout": 2000
    },
    {
      "uuid": "ea5a956c-f022-4c87-a1b2-5a679e78d026",
      "title": "",
      "fullFile": "cypress\\e2e\\webdriver-uni\\js-alerts.js",
      "file": "cypress\\e2e\\webdriver-uni\\js-alerts.js",
      "beforeHooks": [],
      "afterHooks": [],
      "tests": [],
      "suites": [
        {
          "uuid": "32b8c43b-1d87-4fc0-91eb-0b69a0fe04cd",
          "title": "Handle js alerts",
          "fullFile": "",
          "file": "",
          "beforeHooks": [],
          "afterHooks": [],
          "tests": [
            {
              "title": "Confirm js alert contains the correct text",
              "fullTitle": "Handle js alerts Confirm js alert contains the correct text",
              "timedOut": null,
              "duration": 1963,
              "state": "passed",
              "speed": "fast",
              "pass": true,
              "fail": false,
              "pending": false,
              "context": null,
              "code": "//cy.visit(\"http://www.webdriveruniversity.com/Contact-Us/contactus.html\");\ncy.visit(\"http://www.webdriveruniversity.com\");\ncy.get('#popup-alerts').invoke('removeAttr', 'target').click({\n  force: true\n});\ncy.get('#button1').click();\ncy.on('window:alert', str => {\n  expect(str).to.equal('I am an alert box!');\n});",
              "err": {},
              "uuid": "86659391-6673-48d5-a212-942e2d8821e0",
              "parentUUID": "32b8c43b-1d87-4fc0-91eb-0b69a0fe04cd",
              "isHook": false,
              "skipped": false
            },
            {
              "title": "Validate js confirm alert box works correctly when clicking ok",
              "fullTitle": "Handle js alerts Validate js confirm alert box works correctly when clicking ok",
              "timedOut": null,
              "duration": 679,
              "state": "passed",
              "speed": "fast",
              "pass": true,
              "fail": false,
              "pending": false,
              "context": null,
              "code": "//cy.visit(\"http://www.webdriveruniversity.com/Contact-Us/contactus.html\");\ncy.visit(\"http://www.webdriveruniversity.com\");\ncy.get('#popup-alerts').invoke('removeAttr', 'target').click({\n  force: true\n});\ncy.get('#button4').click();\ncy.on('window:confirm', str => {\n  return true;\n});\ncy.get('#confirm-alert-text').contains('You pressed OK!');",
              "err": {},
              "uuid": "af02a2b6-51da-41e3-91cc-4611067400f9",
              "parentUUID": "32b8c43b-1d87-4fc0-91eb-0b69a0fe04cd",
              "isHook": false,
              "skipped": false
            },
            {
              "title": "Validate js confirm alert box works correctly when clicking cancel",
              "fullTitle": "Handle js alerts Validate js confirm alert box works correctly when clicking cancel",
              "timedOut": null,
              "duration": 448,
              "state": "passed",
              "speed": "fast",
              "pass": true,
              "fail": false,
              "pending": false,
              "context": null,
              "code": "//cy.visit(\"http://www.webdriveruniversity.com/Contact-Us/contactus.html\");\ncy.visit(\"http://www.webdriveruniversity.com\");\ncy.get('#popup-alerts').invoke('removeAttr', 'target').click({\n  force: true\n});\ncy.get('#button4').click();\ncy.on('window:confirm', str => {\n  return false;\n});\ncy.get('#confirm-alert-text').contains('You pressed Cancel!');",
              "err": {},
              "uuid": "f09e1040-47d9-4896-8cf4-ccc2a7f97698",
              "parentUUID": "32b8c43b-1d87-4fc0-91eb-0b69a0fe04cd",
              "isHook": false,
              "skipped": false
            },
            {
              "title": "Validate js confirm alert box using a stub",
              "fullTitle": "Handle js alerts Validate js confirm alert box using a stub",
              "timedOut": null,
              "duration": 447,
              "state": "passed",
              "speed": "fast",
              "pass": true,
              "fail": false,
              "pending": false,
              "context": null,
              "code": "//cy.visit(\"http://www.webdriveruniversity.com/Contact-Us/contactus.html\");\ncy.visit(\"http://www.webdriveruniversity.com\");\ncy.get('#popup-alerts').invoke('removeAttr', 'target').click({\n  force: true\n});\nconst stub = cy.stub();\ncy.on('window:confirm', stub);\ncy.get('#button4').click().then(() => {\n  expect(stub.getCall(0)).to.be.calledWith('Press a button!');\n}).then(() => {\n  return true;\n}).then(() => {\n  cy.get('#confirm-alert-text').contains('You pressed OK!');\n});",
              "err": {},
              "uuid": "adf1cc9e-a1a2-47d0-a299-fdf3141bc0fa",
              "parentUUID": "32b8c43b-1d87-4fc0-91eb-0b69a0fe04cd",
              "isHook": false,
              "skipped": false
            }
          ],
          "suites": [],
          "passes": [
            "86659391-6673-48d5-a212-942e2d8821e0",
            "af02a2b6-51da-41e3-91cc-4611067400f9",
            "f09e1040-47d9-4896-8cf4-ccc2a7f97698",
            "adf1cc9e-a1a2-47d0-a299-fdf3141bc0fa"
          ],
          "failures": [],
          "pending": [],
          "skipped": [],
          "duration": 3537,
          "root": false,
          "rootEmpty": false,
          "_timeout": 2000
        }
      ],
      "passes": [],
      "failures": [],
      "pending": [],
      "skipped": [],
      "duration": 0,
      "root": true,
      "rootEmpty": true,
      "_timeout": 2000
    },
    {
      "uuid": "1f8d0e6f-477a-40a4-bc33-5ef25340cc7a",
      "title": "",
      "fullFile": "cypress\\e2e\\webdriver-uni\\mouse-actions.js",
      "file": "cypress\\e2e\\webdriver-uni\\mouse-actions.js",
      "beforeHooks": [],
      "afterHooks": [],
      "tests": [],
      "suites": [
        {
          "uuid": "d2500531-5669-4ab9-9065-22f4a2a0df15",
          "title": "Test mouse actions",
          "fullFile": "",
          "file": "",
          "beforeHooks": [],
          "afterHooks": [],
          "tests": [
            {
              "title": "Scroll element into view",
              "fullTitle": "Test mouse actions Scroll element into view",
              "timedOut": null,
              "duration": 1463,
              "state": "passed",
              "speed": "fast",
              "pass": true,
              "fail": false,
              "pending": false,
              "context": null,
              "code": "cy.visit(\"https://www.webdriveruniversity.com\");\n// scrollIntoView is unnecessary, it will click anyway on it. But just in case just if you want to scroll to the view of the element\ncy.get('#actions').scrollIntoView().invoke('removeAttr', 'target').click({\n  force: true\n});",
              "err": {},
              "uuid": "0de18744-3b19-4a88-bf1b-419822c80f3c",
              "parentUUID": "d2500531-5669-4ab9-9065-22f4a2a0df15",
              "isHook": false,
              "skipped": false
            },
            {
              "title": "I should be able to drag and drop a draggable item",
              "fullTitle": "Test mouse actions I should be able to drag and drop a draggable item",
              "timedOut": null,
              "duration": 705,
              "state": "passed",
              "speed": "fast",
              "pass": true,
              "fail": false,
              "pending": false,
              "context": null,
              "code": "cy.visit(\"https://www.webdriveruniversity.com\");\ncy.get('#actions').scrollIntoView().invoke('removeAttr', 'target').click({\n  force: true\n});\n// simulates press on the draggable elements and that's all. Does not move it\ncy.get('#draggable').trigger('mousedown', {\n  which: 1\n});\n// just moves the previously presseed on the draggable element on the required droppable area simulating mousemove and then drops it releasing it\ncy.get('#droppable').trigger('mousemove').trigger('mouseup', {\n  force: true\n});",
              "err": {},
              "uuid": "52b3bf97-c76b-4e3d-91e7-1f24f96f2fc0",
              "parentUUID": "d2500531-5669-4ab9-9065-22f4a2a0df15",
              "isHook": false,
              "skipped": false
            },
            {
              "title": "I should be able to do double mouse click",
              "fullTitle": "Test mouse actions I should be able to do double mouse click",
              "timedOut": null,
              "duration": 591,
              "state": "passed",
              "speed": "fast",
              "pass": true,
              "fail": false,
              "pending": false,
              "context": null,
              "code": "cy.visit(\"https://www.webdriveruniversity.com\");\ncy.get('#actions').scrollIntoView().invoke('removeAttr', 'target').click({\n  force: true\n});\ncy.get('#double-click').dblclick();",
              "err": {},
              "uuid": "dbe2db08-370e-4e1d-a848-120a03b07015",
              "parentUUID": "d2500531-5669-4ab9-9065-22f4a2a0df15",
              "isHook": false,
              "skipped": false
            },
            {
              "title": "I should be able to hold down the left mouse click button on a given element",
              "fullTitle": "Test mouse actions I should be able to hold down the left mouse click button on a given element",
              "timedOut": null,
              "duration": 420,
              "state": "passed",
              "speed": "fast",
              "pass": true,
              "fail": false,
              "pending": false,
              "context": null,
              "code": "cy.visit(\"https://www.webdriveruniversity.com\");\ncy.get('#actions').scrollIntoView().invoke('removeAttr', 'target').click({\n  force: true\n});\ncy.get('#click-box').trigger('mousedown', {\n  which: 1\n}).then($el => {\n  expect($el).to.include.css('background-color', 'rgb(0, 255, 0)');\n});",
              "err": {},
              "uuid": "5640af40-4381-4f51-bf15-5daf68e0b5b5",
              "parentUUID": "d2500531-5669-4ab9-9065-22f4a2a0df15",
              "isHook": false,
              "skipped": false
            }
          ],
          "suites": [],
          "passes": [
            "0de18744-3b19-4a88-bf1b-419822c80f3c",
            "52b3bf97-c76b-4e3d-91e7-1f24f96f2fc0",
            "dbe2db08-370e-4e1d-a848-120a03b07015",
            "5640af40-4381-4f51-bf15-5daf68e0b5b5"
          ],
          "failures": [],
          "pending": [],
          "skipped": [],
          "duration": 3179,
          "root": false,
          "rootEmpty": false,
          "_timeout": 2000
        }
      ],
      "passes": [],
      "failures": [],
      "pending": [],
      "skipped": [],
      "duration": 0,
      "root": true,
      "rootEmpty": true,
      "_timeout": 2000
    },
    {
      "uuid": "91032210-407f-4483-a35b-72cb1bca1d60",
      "title": "",
      "fullFile": "cypress\\e2e\\webdriver-uni\\radio-buttons.js",
      "file": "cypress\\e2e\\webdriver-uni\\radio-buttons.js",
      "beforeHooks": [],
      "afterHooks": [],
      "tests": [],
      "suites": [
        {
          "uuid": "97ce3bff-1656-4d35-aaff-2ef356a592fa",
          "title": "Verify radio buttons via webdriveruni",
          "fullFile": "",
          "file": "",
          "beforeHooks": [],
          "afterHooks": [],
          "tests": [
            {
              "title": "Check specific radio buttons",
              "fullTitle": "Verify radio buttons via webdriveruni Check specific radio buttons",
              "timedOut": null,
              "duration": 1585,
              "state": "passed",
              "speed": "fast",
              "pass": true,
              "fail": false,
              "pending": false,
              "context": null,
              "code": "cy.get('#radio-buttons').find(\"[type='radio']\").first().check();\ncy.get('#radio-buttons').find(\"[type='radio']\").eq(1).check();",
              "err": {},
              "uuid": "1f72576b-b66f-44a8-8516-7add97f8281d",
              "parentUUID": "97ce3bff-1656-4d35-aaff-2ef356a592fa",
              "isHook": false,
              "skipped": false
            },
            {
              "title": "Validate the states of specific radio buttons",
              "fullTitle": "Verify radio buttons via webdriveruni Validate the states of specific radio buttons",
              "timedOut": null,
              "duration": 1025,
              "state": "passed",
              "speed": "fast",
              "pass": true,
              "fail": false,
              "pending": false,
              "context": null,
              "code": "cy.get(\"[value='lettuce']\").should('not.be.checked');\ncy.get(\"[value='pumpkin']\").should('be.checked');\ncy.get(\"[value='lettuce']\").check();\ncy.get(\"[value='lettuce']\").should('be.checked');\ncy.get(\"[value='pumpkin']\").should('not.be.checked');\ncy.get(\"[value='cabbage']\").should('be.disabled');",
              "err": {},
              "uuid": "f4d9d5b0-f50e-41e6-b33a-c47bb522f948",
              "parentUUID": "97ce3bff-1656-4d35-aaff-2ef356a592fa",
              "isHook": false,
              "skipped": false
            }
          ],
          "suites": [],
          "passes": [
            "1f72576b-b66f-44a8-8516-7add97f8281d",
            "f4d9d5b0-f50e-41e6-b33a-c47bb522f948"
          ],
          "failures": [],
          "pending": [],
          "skipped": [],
          "duration": 2610,
          "root": false,
          "rootEmpty": false,
          "_timeout": 2000
        }
      ],
      "passes": [],
      "failures": [],
      "pending": [],
      "skipped": [],
      "duration": 0,
      "root": true,
      "rootEmpty": true,
      "_timeout": 2000
    },
    {
      "uuid": "465ac31f-5e5f-4653-8419-6e73c230f1bc",
      "title": "",
      "fullFile": "cypress\\e2e\\webdriver-uni\\select-dropdown-list.js",
      "file": "cypress\\e2e\\webdriver-uni\\select-dropdown-list.js",
      "beforeHooks": [],
      "afterHooks": [],
      "tests": [],
      "suites": [
        {
          "uuid": "42896668-2f8c-408d-8277-fb920757e460",
          "title": "Interact with dropdown lists via webdriveruni",
          "fullFile": "",
          "file": "",
          "beforeHooks": [],
          "afterHooks": [],
          "tests": [
            {
              "title": "Select specific values via select dropdown lists",
              "fullTitle": "Interact with dropdown lists via webdriveruni Select specific values via select dropdown lists",
              "timedOut": null,
              "duration": 2170,
              "state": "passed",
              "speed": "fast",
              "pass": true,
              "fail": false,
              "pending": false,
              "context": null,
              "code": "cy.visit(\"https://www.webdriveruniversity.com\");\ncy.get('#dropdown-checkboxes-radiobuttons').invoke('removeAttr', 'target').click({\n  force: true\n});\ncy.get('#dropdowm-menu-1').select('c#');\ncy.get('#dropdowm-menu-2').select('testng').should('have.value', 'testng');\ncy.get('#dropdowm-menu-3').select('jquery').contains('JQuery');\ncy.get('#dropdowm-menu-2').select('maven').contains('Maven');\ncy.get('#dropdowm-menu-2').find('option[value=\"maven\"]').should('have.text', 'Maven');\ncy.get('#dropdowm-menu-2').select('TestNG').find('option').contains('TestNG').should('have.value', 'testng');",
              "err": {},
              "uuid": "4d96ac73-4d96-4fa3-9a1b-4aea988bbf0a",
              "parentUUID": "42896668-2f8c-408d-8277-fb920757e460",
              "isHook": false,
              "skipped": false
            }
          ],
          "suites": [],
          "passes": [
            "4d96ac73-4d96-4fa3-9a1b-4aea988bbf0a"
          ],
          "failures": [],
          "pending": [],
          "skipped": [],
          "duration": 2170,
          "root": false,
          "rootEmpty": false,
          "_timeout": 2000
        }
      ],
      "passes": [],
      "failures": [],
      "pending": [],
      "skipped": [],
      "duration": 0,
      "root": true,
      "rootEmpty": true,
      "_timeout": 2000
    },
    {
      "uuid": "286f3a91-9c76-448e-b0c4-229f28697b4b",
      "title": "",
      "fullFile": "cypress\\e2e\\webdriver-uni\\selectors.js",
      "file": "cypress\\e2e\\webdriver-uni\\selectors.js",
      "beforeHooks": [],
      "afterHooks": [],
      "tests": [],
      "suites": [
        {
          "uuid": "23f9afe5-edd8-4356-b792-934fd41bd92c",
          "title": "Selector examples",
          "fullFile": "",
          "file": "",
          "beforeHooks": [],
          "afterHooks": [],
          "tests": [
            {
              "title": "Examples of Selectors via WebdriverUni Contact Us Page",
              "fullTitle": "Selector examples Examples of Selectors via WebdriverUni Contact Us Page",
              "timedOut": null,
              "duration": 730,
              "state": "passed",
              "speed": "fast",
              "pass": true,
              "fail": false,
              "pending": false,
              "context": null,
              "code": "cy.visit(\"http://www.webdriveruniversity.com/Contact-Us/contactus.html\");\n//By tag name\ncy.get(\"input\");\n//By attribute name and value\ncy.get(\"input[name='first_name']\");\n//By id\ncy.get(\"#contact_me\");\n//By class\ncy.get(\".feedback-input\");\n//By multiple classes\ncy.get(\"[class='navbar navbar-inverse navbar-fixed-top']\");\n//By two different attributes\ncy.get(\"[name='email'][placeholder='Email Address']\");\n//By xpath\n// cy.xpath(\"//input[@name='first_name']\")",
              "err": {},
              "uuid": "9ac5bb96-4786-485d-9dde-d7a3a8f62f32",
              "parentUUID": "23f9afe5-edd8-4356-b792-934fd41bd92c",
              "isHook": false,
              "skipped": false
            }
          ],
          "suites": [],
          "passes": [
            "9ac5bb96-4786-485d-9dde-d7a3a8f62f32"
          ],
          "failures": [],
          "pending": [],
          "skipped": [],
          "duration": 730,
          "root": false,
          "rootEmpty": false,
          "_timeout": 2000
        }
      ],
      "passes": [],
      "failures": [],
      "pending": [],
      "skipped": [],
      "duration": 0,
      "root": true,
      "rootEmpty": true,
      "_timeout": 2000
    },
    {
      "uuid": "bfce9fbe-fc9e-48d4-aee8-5555aa1f4d10",
      "title": "",
      "fullFile": "cypress\\e2e\\webdriver-uni\\traversing-elements.js",
      "file": "cypress\\e2e\\webdriver-uni\\traversing-elements.js",
      "beforeHooks": [],
      "afterHooks": [],
      "tests": [],
      "suites": [
        {
          "uuid": "268c7aea-e06e-49cd-998e-661852fb775d",
          "title": "Traversing DOM elements in Cypress",
          "fullFile": "",
          "file": "",
          "beforeHooks": [],
          "afterHooks": [],
          "tests": [
            {
              "title": "siblings() To get all sibling DOM elements of elements",
              "fullTitle": "Traversing DOM elements in Cypress siblings() To get all sibling DOM elements of elements",
              "timedOut": null,
              "duration": 1442,
              "state": "passed",
              "speed": "fast",
              "pass": true,
              "fail": false,
              "pending": false,
              "context": null,
              "code": "cy.get('.traversal-button-other-states .active').siblings().should('have.length', 3);",
              "err": {},
              "uuid": "34d33a4d-5e92-4d7a-a780-f12ec7f85cd1",
              "parentUUID": "268c7aea-e06e-49cd-998e-661852fb775d",
              "isHook": false,
              "skipped": false
            }
          ],
          "suites": [],
          "passes": [
            "34d33a4d-5e92-4d7a-a780-f12ec7f85cd1"
          ],
          "failures": [],
          "pending": [],
          "skipped": [],
          "duration": 1442,
          "root": false,
          "rootEmpty": false,
          "_timeout": 2000
        }
      ],
      "passes": [],
      "failures": [],
      "pending": [],
      "skipped": [],
      "duration": 0,
      "root": true,
      "rootEmpty": true,
      "_timeout": 2000
    },
    {
      "uuid": "db7656ac-4a6c-4f3d-892d-1e96fe1d286b",
      "title": "",
      "fullFile": "cypress\\e2e\\other\\hooks.js",
      "file": "cypress\\e2e\\other\\hooks.js",
      "beforeHooks": [],
      "afterHooks": [],
      "tests": [],
      "suites": [
        {
          "uuid": "069a235f-4e14-4e93-bfc7-a084319cb679",
          "title": "Hooks",
          "fullFile": "",
          "file": "",
          "beforeHooks": [],
          "afterHooks": [],
          "tests": [
            {
              "title": "Example test1",
              "fullTitle": "Hooks Example test1",
              "timedOut": null,
              "duration": 50,
              "state": "passed",
              "speed": "fast",
              "pass": true,
              "fail": false,
              "pending": false,
              "context": null,
              "code": "cy.log(\"Example test1!\");",
              "err": {},
              "uuid": "95ee1d7c-4429-45ea-bdec-7c0e6a804914",
              "parentUUID": "069a235f-4e14-4e93-bfc7-a084319cb679",
              "isHook": false,
              "skipped": false
            },
            {
              "title": "Example test2",
              "fullTitle": "Hooks Example test2",
              "timedOut": null,
              "duration": 14,
              "state": "passed",
              "speed": "fast",
              "pass": true,
              "fail": false,
              "pending": false,
              "context": null,
              "code": "cy.log(\"Example test2!\");",
              "err": {},
              "uuid": "05dc0fc5-d9ba-40bd-af60-4e39307fe947",
              "parentUUID": "069a235f-4e14-4e93-bfc7-a084319cb679",
              "isHook": false,
              "skipped": false
            }
          ],
          "suites": [],
          "passes": [
            "95ee1d7c-4429-45ea-bdec-7c0e6a804914",
            "05dc0fc5-d9ba-40bd-af60-4e39307fe947"
          ],
          "failures": [],
          "pending": [],
          "skipped": [],
          "duration": 64,
          "root": false,
          "rootEmpty": false,
          "_timeout": 2000
        }
      ],
      "passes": [],
      "failures": [],
      "pending": [],
      "skipped": [],
      "duration": 0,
      "root": true,
      "rootEmpty": true,
      "_timeout": 2000
    },
    {
      "uuid": "0502881b-01ae-40e6-8550-5f2a494715ed",
      "title": "",
      "fullFile": "cypress\\e2e\\other\\same-origin-policy.js",
      "file": "cypress\\e2e\\other\\same-origin-policy.js",
      "beforeHooks": [],
      "afterHooks": [],
      "tests": [],
      "suites": [
        {
          "uuid": "fa7fe849-7b75-4739-9157-e80d3be67e00",
          "title": "Cypress web security",
          "fullFile": "",
          "file": "",
          "beforeHooks": [],
          "afterHooks": [],
          "tests": [
            {
              "title": "Validate visiting two different domains via user actions",
              "fullTitle": "Cypress web security Validate visiting two different domains via user actions",
              "timedOut": null,
              "duration": 4642,
              "state": "passed",
              "speed": "fast",
              "pass": true,
              "fail": false,
              "pending": false,
              "context": null,
              "code": "cy.visit(\"https://www.webdriveruniversity.com\");\ncy.get('#automation-test-store').invoke('removeAttr', 'target').click();",
              "err": {},
              "uuid": "db97596a-76dc-4a1a-9132-a6e76ef64482",
              "parentUUID": "fa7fe849-7b75-4739-9157-e80d3be67e00",
              "isHook": false,
              "skipped": false
            }
          ],
          "suites": [],
          "passes": [
            "db97596a-76dc-4a1a-9132-a6e76ef64482"
          ],
          "failures": [],
          "pending": [],
          "skipped": [],
          "duration": 4642,
          "root": false,
          "rootEmpty": false,
          "_timeout": 2000
        }
      ],
      "passes": [],
      "failures": [],
      "pending": [],
      "skipped": [],
      "duration": 0,
      "root": true,
      "rootEmpty": true,
      "_timeout": 2000
    },
    {
      "uuid": "bf9f17e6-d26f-4bd8-9c96-617bea1a4cf5",
      "title": "",
      "fullFile": "cypress\\e2e\\automation-test-store\\add-multiple-items-to-basket.js",
      "file": "cypress\\e2e\\automation-test-store\\add-multiple-items-to-basket.js",
      "beforeHooks": [],
      "afterHooks": [],
      "tests": [],
      "suites": [
        {
          "uuid": "74eba2e1-4add-4f97-9224-8246c621614b",
          "title": "Add multiple items to basket",
          "fullFile": "",
          "file": "",
          "beforeHooks": [],
          "afterHooks": [],
          "tests": [
            {
              "title": "Add specific items to basket",
              "fullTitle": "Add multiple items to basket Add specific items to basket",
              "timedOut": null,
              "duration": 5553,
              "state": "passed",
              "speed": "medium",
              "pass": true,
              "fail": false,
              "pending": false,
              "context": null,
              "code": "autoStoreHairCare_PO.addHairCareProductsToBasket();\n//  globalThis.data.productName.forEach((name) => {\n//     cy.addProductToBasket(name);\n//  })\n//  cy.get('.dropdown-toggle > .label').contains(3)\n//  cy.get('.dropdown-toggle > .label').click();",
              "err": {},
              "uuid": "78023277-fb91-41ed-a643-ad9fba5039fd",
              "parentUUID": "74eba2e1-4add-4f97-9224-8246c621614b",
              "isHook": false,
              "skipped": false
            }
          ],
          "suites": [],
          "passes": [
            "78023277-fb91-41ed-a643-ad9fba5039fd"
          ],
          "failures": [],
          "pending": [],
          "skipped": [],
          "duration": 5553,
          "root": false,
          "rootEmpty": false,
          "_timeout": 2000
        }
      ],
      "passes": [],
      "failures": [],
      "pending": [],
      "skipped": [],
      "duration": 0,
      "root": true,
      "rootEmpty": true,
      "_timeout": 2000
    }
  ],
  "meta": {
    "mocha": {
      "version": "7.0.1"
    },
    "mochawesome": {
      "options": {
        "quiet": false,
        "reportFilename": "mochawesome",
        "saveHtml": false,
        "saveJson": true,
        "consoleReporter": "spec",
        "useInlineDiffs": false,
        "code": true
      },
      "version": "7.1.3"
    },
    "marge": {
      "options": {
        "id": "default",
        "reportDir": "cypress/results/mochawesome",
        "quite": true,
        "overwrite": false,
        "html": false,
        "json": true
      },
      "version": "6.2.0"
    }
  }
}